<?xml version="1.0" encoding="UTF-8"?>
<coverage generated="1720846561235" clover="3.2.0">
  <project timestamp="1720846561235" name="All files">
    <metrics statements="38" coveredstatements="36" conditionals="1" coveredconditionals="0" methods="18" coveredmethods="17" elements="57" coveredelements="53" complexity="0" loc="38" ncloc="38" packages="4" files="6" classes="6"/>
    <package name="modules.user">
      <metrics statements="16" coveredstatements="15" conditionals="0" coveredconditionals="0" methods="7" coveredmethods="6"/>
      <file name="user.entity.ts" path="/workspaces/guild-management/src/core/modules/user/user.entity.ts">
        <metrics statements="10" coveredstatements="9" conditionals="0" coveredconditionals="0" methods="4" coveredmethods="3"/>
        <line num="1" count="1" type="stmt"/>
        <line num="2" count="1" type="stmt"/>
        <line num="5" count="1" type="stmt"/>
        <line num="11" count="1" type="stmt"/>
        <line num="12" count="1" type="stmt"/>
        <line num="13" count="1" type="stmt"/>
        <line num="17" count="1" type="stmt"/>
        <line num="21" count="1" type="stmt"/>
        <line num="22" count="1" type="stmt"/>
        <line num="26" count="0" type="stmt"/>
      </file>
      <file name="user.service.ts" path="/workspaces/guild-management/src/core/modules/user/user.service.ts">
        <metrics statements="6" coveredstatements="6" conditionals="0" coveredconditionals="0" methods="3" coveredmethods="3"/>
        <line num="2" count="1" type="stmt"/>
        <line num="3" count="1" type="stmt"/>
        <line num="5" count="1" type="stmt"/>
        <line num="6" count="1" type="stmt"/>
        <line num="8" count="1" type="stmt"/>
        <line num="11" count="1" type="stmt"/>
      </file>
    </package>
    <package name="modules.user.repositories">
      <metrics statements="4" coveredstatements="4" conditionals="0" coveredconditionals="0" methods="4" coveredmethods="4"/>
      <file name="UserRepositoryMock.ts" path="/workspaces/guild-management/src/core/modules/user/repositories/UserRepositoryMock.ts">
        <metrics statements="4" coveredstatements="4" conditionals="0" coveredconditionals="0" methods="4" coveredmethods="4"/>
        <line num="4" count="1" type="stmt"/>
        <line num="5" count="1" type="stmt"/>
        <line num="8" count="1" type="stmt"/>
        <line num="12" count="1" type="stmt"/>
      </file>
    </package>
    <package name="modules.user.use-cases">
      <metrics statements="11" coveredstatements="11" conditionals="0" coveredconditionals="0" methods="4" coveredmethods="4"/>
      <file name="create-user.ts" path="/workspaces/guild-management/src/core/modules/user/use-cases/create-user.ts">
        <metrics statements="7" coveredstatements="7" conditionals="0" coveredconditionals="0" methods="2" coveredmethods="2"/>
        <line num="1" count="1" type="stmt"/>
        <line num="3" count="1" type="stmt"/>
        <line num="5" count="1" type="stmt"/>
        <line num="6" count="1" type="stmt"/>
        <line num="8" count="1" type="stmt"/>
        <line num="9" count="1" type="stmt"/>
        <line num="10" count="1" type="stmt"/>
      </file>
      <file name="get-user.ts" path="/workspaces/guild-management/src/core/modules/user/use-cases/get-user.ts">
        <metrics statements="4" coveredstatements="4" conditionals="0" coveredconditionals="0" methods="2" coveredmethods="2"/>
        <line num="3" count="1" type="stmt"/>
        <line num="4" count="1" type="stmt"/>
        <line num="6" count="1" type="stmt"/>
        <line num="7" count="1" type="stmt"/>
      </file>
    </package>
    <package name="object-values">
      <metrics statements="7" coveredstatements="6" conditionals="1" coveredconditionals="0" methods="3" coveredmethods="3"/>
      <file name="EmailAddress.ts" path="/workspaces/guild-management/src/core/object-values/EmailAddress.ts">
        <metrics statements="7" coveredstatements="6" conditionals="1" coveredconditionals="0" methods="3" coveredmethods="3"/>
        <line num="1" count="1" type="stmt"/>
        <line num="5" count="1" type="cond" truecount="0" falsecount="1"/>
        <line num="6" count="0" type="stmt"/>
        <line num="8" count="1" type="stmt"/>
        <line num="13" count="1" type="stmt"/>
        <line num="14" count="1" type="stmt"/>
        <line num="18" count="2" type="stmt"/>
      </file>
    </package>
  </project>
</coverage>
