TN:
SF:src/core/modules/user/user.entity.ts
FN:10,(anonymous_6)
FN:16,(anonymous_7)
FN:20,(anonymous_8)
FN:25,(anonymous_9)
FNF:4
FNH:3
FNDA:1,(anonymous_6)
FNDA:1,(anonymous_7)
FNDA:1,(anonymous_8)
FNDA:0,(anonymous_9)
DA:1,1
DA:2,1
DA:5,1
DA:11,1
DA:12,1
DA:13,1
DA:17,1
DA:21,1
DA:22,1
DA:26,0
LF:10
LH:9
BRF:0
BRH:0
end_of_record
TN:
SF:src/core/modules/user/user.service.ts
FN:6,(anonymous_7)
FN:7,(anonymous_8)
FN:10,(anonymous_10)
FNF:3
FNH:3
FNDA:1,(anonymous_7)
FNDA:1,(anonymous_8)
FNDA:1,(anonymous_10)
DA:2,1
DA:3,1
DA:5,1
DA:6,1
DA:8,1
DA:11,1
LF:6
LH:6
BRF:0
BRH:0
end_of_record
TN:
SF:src/core/modules/user/repositories/UserRepositoryMock.ts
FN:4,(anonymous_7)
FN:7,(anonymous_8)
FN:11,(anonymous_10)
FN:12,(anonymous_12)
FNF:4
FNH:4
FNDA:1,(anonymous_7)
FNDA:1,(anonymous_8)
FNDA:1,(anonymous_10)
FNDA:1,(anonymous_12)
DA:4,1
DA:5,1
DA:8,1
DA:12,1
LF:4
LH:4
BRF:0
BRH:0
end_of_record
TN:
SF:src/core/modules/user/use-cases/create-user.ts
FN:6,(anonymous_7)
FN:7,(anonymous_8)
FNF:2
FNH:2
FNDA:1,(anonymous_7)
FNDA:1,(anonymous_8)
DA:1,1
DA:3,1
DA:5,1
DA:6,1
DA:8,1
DA:9,1
DA:10,1
LF:7
LH:7
BRF:0
BRH:0
end_of_record
TN:
SF:src/core/modules/user/use-cases/get-user.ts
FN:4,(anonymous_7)
FN:5,(anonymous_8)
FNF:2
FNH:2
FNDA:1,(anonymous_7)
FNDA:1,(anonymous_8)
DA:3,1
DA:4,1
DA:6,1
DA:7,1
LF:4
LH:4
BRF:0
BRH:0
end_of_record
TN:
SF:src/core/object-values/EmailAddress.ts
FN:4,(anonymous_0)
FN:11,(anonymous_1)
FN:17,(anonymous_2)
FNF:3
FNH:3
FNDA:1,(anonymous_0)
FNDA:1,(anonymous_1)
FNDA:2,(anonymous_2)
DA:1,1
DA:5,1
DA:6,0
DA:8,1
DA:13,1
DA:14,1
DA:18,2
LF:7
LH:6
BRDA:5,0,0,0
BRF:1
BRH:0
end_of_record
